-------------------------------------------------------------------------------
Test set: net.guides.springboot2.springboot2jpacrudexample.ApplicationTests
-------------------------------------------------------------------------------
Tests run: 1, Failures: 0, Errors: 1, Skipped: 0, Time elapsed: 2.504 s <<< FAILURE! - in net.guides.springboot2.springboot2jpacrudexample.ApplicationTests
contextLoads(net.guides.springboot2.springboot2jpacrudexample.ApplicationTests)  Time elapsed: 0.007 s  <<< ERROR!
java.lang.IllegalStateException: Failed to load ApplicationContext
Caused by: java.lang.IllegalStateException: Cannot load configuration class: net.guides.springboot2.springboot2jpacrudexample.Application
Caused by: java.lang.ExceptionInInitializerError
Caused by: org.springframework.cglib.core.CodeGenerationException: java.lang.reflect.InaccessibleObjectException-->Unable to make protected final java.lang.Class java.lang.ClassLoader.defineClass(java.lang.String,byte[],int,int,java.security.ProtectionDomain) throws java.lang.ClassFormatError accessible: module java.base does not "opens java.lang" to unnamed module @4c203ea1
Caused by: java.lang.reflect.InaccessibleObjectException: Unable to make protected final java.lang.Class java.lang.ClassLoader.defineClass(java.lang.String,byte[],int,int,java.security.ProtectionDomain) throws java.lang.ClassFormatError accessible: module java.base does not "opens java.lang" to unnamed module @4c203ea1

